Running: C:\Xilinx\14.7\ISE_DS\ISE\bin\nt\unwrapped\fuse.exe -intstyle ise -incremental -o C:/Users/7131322/ceng342labs/HW3IntegerToFP/InttoFPTestBench_isim_beh.exe -prj C:/Users/7131322/ceng342labs/HW3IntegerToFP/InttoFPTestBench_beh.prj work.InttoFPTestBench 
ISim P.20131013 (signature 0x8ef4fb42)
Number of CPUs detected in this system: 4
Turning on mult-threading, number of parallel sub-compilation jobs: 8 
Determining compilation order of HDL files
Parsing VHDL file "C:/Users/7131322/ceng342labs/HW3IntegerToFP/IntToFP.vhd" into library work
Parsing VHDL file "C:/Users/7131322/ceng342labs/HW3IntegerToFP/InttoFPTestBench.vhd" into library work
Starting static elaboration
Completed static elaboration
Fuse Memory Usage: 197580 KB
Fuse CPU Usage: 327 ms
Compiling package standard
Compiling package std_logic_1164
Compiling package numeric_std
Compiling architecture behavioral of entity IntToFP [inttofp_default]
Compiling architecture behavior of entity inttofptestbench
Time Resolution for simulation is 1ps.
Waiting for 1 sub-compilation(s) to finish...
Compiled 6 VHDL Units
Built simulation executable C:/Users/7131322/ceng342labs/HW3IntegerToFP/InttoFPTestBench_isim_beh.exe
Fuse Memory Usage: 212012 KB
Fuse CPU Usage: 484 ms
