Running: C:\Xilinx\14.7\ISE_DS\ISE\bin\nt\unwrapped\fuse.exe -intstyle ise -incremental -o C:/Users/7131322/ceng342labs/Lab1/adderSim_isim_beh.exe -prj C:/Users/7131322/ceng342labs/Lab1/adderSim_beh.prj work.adderSim 
ISim P.20131013 (signature 0x8ef4fb42)
Number of CPUs detected in this system: 4
Turning on mult-threading, number of parallel sub-compilation jobs: 8 
Determining compilation order of HDL files
Parsing VHDL file "C:/Users/7131322/ceng342labs/Lab1/fa1.vhd" into library work
Parsing VHDL file "C:/Users/7131322/ceng342labs/Lab1/adderSim.vhd" into library work
Starting static elaboration
Completed static elaboration
Fuse Memory Usage: 197132 KB
Fuse CPU Usage: 937 ms
Compiling package standard
Compiling package std_logic_1164
Compiling architecture behavioral of entity fa1 [fa1_default]
Compiling architecture behavior of entity addersim
Time Resolution for simulation is 1ps.
Compiled 5 VHDL Units
Built simulation executable C:/Users/7131322/ceng342labs/Lab1/adderSim_isim_beh.exe
Fuse Memory Usage: 205996 KB
Fuse CPU Usage: 1093 ms
