Command line:
   Encoder_isim_beh.exe
     -simmode  gui
     -simrunnum  0
     -socket  5094

Tue Feb 06 20:22:50 2018


 Elaboration Time: 0.03125 sec

 Current Memory Usage: 877.826 Meg

 Total Signals          : 3
 Total Nets             : 12
 Total Signal Drivers   : 1
 Total Blocks           : 2
 Total Primitive Blocks : 2
 Total Processes        : 1
 Total Traceable Variables  : 8
 Total Scalar Nets and Variables : 372
Total Line Count : 1

 Total Simulation Time: 0.078125 sec

 Current Memory Usage: 877.826 Meg

Tue Feb 06 20:22:58 2018

