ISim log file
Running: C:\Users\7131322\ceng342labs\Lab5\top_level_test_isim_beh.exe -intstyle ise -gui -tclbatch isim.cmd -wdb C:/Users/7131322/ceng342labs/Lab5/top_level_test_isim_beh.wdb 
ISim P.20131013 (signature 0x8ef4fb42)
WARNING: A WEBPACK license was found.
WARNING: Please use Xilinx License Configuration Manager to check out a full ISim license.
WARNING: ISim will run in Lite mode. Please refer to the ISim documentation for more information on the differences between the Lite and the Full version.
This is a Lite version of ISim.
Time resolution is 1 ps
# onerror resume
# wave add /
# run 10000000000 ns
Simulator is doing circuit initialization process.
Finished circuit initialization process.
Stopped at time : 192866890 ns : File "C:/Users/7131322/ceng342labs/Lab5/one_second_clock.vhd" Line 49
# run all
Stopped at time : 685766370 ns : File "C:/Users/7131322/ceng342labs/Lab5/top_level_test.vhd" Line 78
# step
Stopped at time : 685766370 ns : File "C:/Users/7131322/ceng342labs/Lab5/top_level_test.vhd" Line 79
# step
Stopped at time : 685766370 ns : File "C:/Users/7131322/ceng342labs/Lab5/one_second_clock.vhd" Line 39
# step
Stopped at time : 685766370 ns : File "C:/Users/7131322/ceng342labs/Lab5/one_second_clock.vhd" Line 40
# step
Stopped at time : 685766370 ns : File "C:/Users/7131322/ceng342labs/Lab5/one_second_clock.vhd" Line 41
# step
Stopped at time : 685766370 ns : File "C:/Users/7131322/ceng342labs/Lab5/one_second_clock.vhd" Line 42
# step
Stopped at time : 685766370 ns : File "C:/Users/7131322/ceng342labs/Lab5/one_second_clock.vhd" Line 47
# step
Stopped at time : 685766370 ns : File "C:/Users/7131322/ceng342labs/Lab5/one_second_clock.vhd" Line 49
# step
Stopped at time : 685766380 ns : File "C:/Users/7131322/ceng342labs/Lab5/top_level_test.vhd" Line 76
# step
Stopped at time : 685766380 ns : File "C:/Users/7131322/ceng342labs/Lab5/top_level_test.vhd" Line 77
# step
Stopped at time : 685766380 ns : File "C:/Users/7131322/ceng342labs/Lab5/one_second_clock.vhd" Line 39
# step
Stopped at time : 685766390 ns : File "C:/Users/7131322/ceng342labs/Lab5/top_level_test.vhd" Line 78
# step
Stopped at time : 685766390 ns : File "C:/Users/7131322/ceng342labs/Lab5/top_level_test.vhd" Line 79
# step
Stopped at time : 685766390 ns : File "C:/Users/7131322/ceng342labs/Lab5/one_second_clock.vhd" Line 39
# step
Stopped at time : 685766390 ns : File "C:/Users/7131322/ceng342labs/Lab5/one_second_clock.vhd" Line 40
# step
Stopped at time : 685766390 ns : File "C:/Users/7131322/ceng342labs/Lab5/one_second_clock.vhd" Line 41
# step
Stopped at time : 685766390 ns : File "C:/Users/7131322/ceng342labs/Lab5/one_second_clock.vhd" Line 42
# step
Stopped at time : 685766390 ns : File "C:/Users/7131322/ceng342labs/Lab5/one_second_clock.vhd" Line 47
# step
Stopped at time : 685766390 ns : File "C:/Users/7131322/ceng342labs/Lab5/one_second_clock.vhd" Line 49
# step
Stopped at time : 685766400 ns : File "C:/Users/7131322/ceng342labs/Lab5/top_level_test.vhd" Line 76
# step
Stopped at time : 685766400 ns : File "C:/Users/7131322/ceng342labs/Lab5/top_level_test.vhd" Line 77
# step
Stopped at time : 685766400 ns : File "C:/Users/7131322/ceng342labs/Lab5/one_second_clock.vhd" Line 39
# step
Stopped at time : 685766410 ns : File "C:/Users/7131322/ceng342labs/Lab5/top_level_test.vhd" Line 78
# step
Stopped at time : 685766410 ns : File "C:/Users/7131322/ceng342labs/Lab5/top_level_test.vhd" Line 79
# step
Stopped at time : 685766410 ns : File "C:/Users/7131322/ceng342labs/Lab5/one_second_clock.vhd" Line 39
# step
Stopped at time : 685766410 ns : File "C:/Users/7131322/ceng342labs/Lab5/one_second_clock.vhd" Line 40
# step
Stopped at time : 685766410 ns : File "C:/Users/7131322/ceng342labs/Lab5/one_second_clock.vhd" Line 41
# step
Stopped at time : 685766410 ns : File "C:/Users/7131322/ceng342labs/Lab5/one_second_clock.vhd" Line 42
# step
Stopped at time : 685766410 ns : File "C:/Users/7131322/ceng342labs/Lab5/one_second_clock.vhd" Line 47
# step
Stopped at time : 685766410 ns : File "C:/Users/7131322/ceng342labs/Lab5/one_second_clock.vhd" Line 49
# step
Stopped at time : 685766420 ns : File "C:/Users/7131322/ceng342labs/Lab5/top_level_test.vhd" Line 76
# step
Stopped at time : 685766420 ns : File "C:/Users/7131322/ceng342labs/Lab5/top_level_test.vhd" Line 77
# step
Stopped at time : 685766420 ns : File "C:/Users/7131322/ceng342labs/Lab5/one_second_clock.vhd" Line 39
# step
Stopped at time : 685766430 ns : File "C:/Users/7131322/ceng342labs/Lab5/top_level_test.vhd" Line 78
# step
Stopped at time : 685766430 ns : File "C:/Users/7131322/ceng342labs/Lab5/top_level_test.vhd" Line 79
# step
Stopped at time : 685766430 ns : File "C:/Users/7131322/ceng342labs/Lab5/one_second_clock.vhd" Line 39
# step
Stopped at time : 685766430 ns : File "C:/Users/7131322/ceng342labs/Lab5/one_second_clock.vhd" Line 40
# step
Stopped at time : 685766430 ns : File "C:/Users/7131322/ceng342labs/Lab5/one_second_clock.vhd" Line 41
# step
Stopped at time : 685766430 ns : File "C:/Users/7131322/ceng342labs/Lab5/one_second_clock.vhd" Line 42
# step
Stopped at time : 685766430 ns : File "C:/Users/7131322/ceng342labs/Lab5/one_second_clock.vhd" Line 47
# step
Stopped at time : 685766430 ns : File "C:/Users/7131322/ceng342labs/Lab5/one_second_clock.vhd" Line 49
# step
Stopped at time : 685766440 ns : File "C:/Users/7131322/ceng342labs/Lab5/top_level_test.vhd" Line 76
# step
Stopped at time : 685766440 ns : File "C:/Users/7131322/ceng342labs/Lab5/top_level_test.vhd" Line 77
# step
Stopped at time : 685766440 ns : File "C:/Users/7131322/ceng342labs/Lab5/one_second_clock.vhd" Line 39
# step
Stopped at time : 685766450 ns : File "C:/Users/7131322/ceng342labs/Lab5/top_level_test.vhd" Line 78
# step
Stopped at time : 685766450 ns : File "C:/Users/7131322/ceng342labs/Lab5/top_level_test.vhd" Line 79
# step
Stopped at time : 685766450 ns : File "C:/Users/7131322/ceng342labs/Lab5/one_second_clock.vhd" Line 39
# step
Stopped at time : 685766450 ns : File "C:/Users/7131322/ceng342labs/Lab5/one_second_clock.vhd" Line 40
# step
Stopped at time : 685766450 ns : File "C:/Users/7131322/ceng342labs/Lab5/one_second_clock.vhd" Line 41
# step
Stopped at time : 685766450 ns : File "C:/Users/7131322/ceng342labs/Lab5/one_second_clock.vhd" Line 42
# step
Stopped at time : 685766450 ns : File "C:/Users/7131322/ceng342labs/Lab5/one_second_clock.vhd" Line 47
# step
Stopped at time : 685766450 ns : File "C:/Users/7131322/ceng342labs/Lab5/one_second_clock.vhd" Line 49
# step
Stopped at time : 685766460 ns : File "C:/Users/7131322/ceng342labs/Lab5/top_level_test.vhd" Line 76
# restart
# run all
Simulator is doing circuit initialization process.
Stopped at time : 0 fs : File "C:/Users/7131322/ceng342labs/Lab5/vending_machine_state.vhd" Line 56
# step
Finished circuit initialization process.
Stopped at time : 0 fs : File "C:/Users/7131322/ceng342labs/Lab5/vending_machine_state.vhd" Line 45
# step
Stopped at time : 0 fs : File "C:/Users/7131322/ceng342labs/Lab5/vending_machine_state.vhd" Line 47
# step
Stopped at time : 0 fs : File "C:/Users/7131322/ceng342labs/Lab5/vending_machine_state.vhd" Line 48
# step
Stopped at time : 0 fs : File "C:/Users/7131322/ceng342labs/Lab5/vending_machine_state.vhd" Line 51
# step
Stopped at time : 0 fs : File "C:/Users/7131322/ceng342labs/Lab5/vending_machine_state.vhd" Line 54
# step
Stopped at time : 0 fs : File "C:/Users/7131322/ceng342labs/Lab5/vending_machine_state.vhd" Line 56
# step
Stopped at time : 0 fs : File "C:/Users/7131322/ceng342labs/Lab5/one_second_clock.vhd" Line 53
# step
Stopped at time : 0 fs : File "C:/Users/7131322/ceng342labs/Lab5/one_second_clock.vhd" Line 54
# step
Stopped at time : 0 fs : File "C:/Users/7131322/ceng342labs/Lab5/one_second_clock.vhd" Line 55
# step
Stopped at time : 0 fs : File "C:/Users/7131322/ceng342labs/Lab5/vending_machine_toplevel.vhd" Line 63
# step
Stopped at time : 0 fs : File "C:/Users/7131322/ceng342labs/Lab5/vending_machine_state.vhd" Line 36
# run all
Stopped at time : 100000300 ns : File "C:/Users/7131322/ceng342labs/Lab5/vending_machine_toplevel.vhd" Line 36
# step
Stopped at time : 100000300 ns : File "C:/Users/7131322/ceng342labs/Lab5/one_second_clock.vhd" Line 39
# step
Stopped at time : 100000300 ns : File "C:/Users/7131322/ceng342labs/Lab5/vending_machine_state.vhd" Line 45
# step
Stopped at time : 100000300 ns : File "C:/Users/7131322/ceng342labs/Lab5/vending_machine_state.vhd" Line 47
# step
Stopped at time : 100000300 ns : File "C:/Users/7131322/ceng342labs/Lab5/vending_machine_state.vhd" Line 48
# step
Stopped at time : 100000300 ns : File "C:/Users/7131322/ceng342labs/Lab5/vending_machine_state.vhd" Line 51
# step
Stopped at time : 100000300 ns : File "C:/Users/7131322/ceng342labs/Lab5/vending_machine_state.vhd" Line 54
# step
Stopped at time : 100000300 ns : File "C:/Users/7131322/ceng342labs/Lab5/vending_machine_state.vhd" Line 56
# step
Stopped at time : 100000300 ns : File "C:/Users/7131322/ceng342labs/Lab5/vending_machine_state.vhd" Line 57
# step
Stopped at time : 100000310 ns : File "C:/Users/7131322/ceng342labs/Lab5/top_level_test.vhd" Line 95
# step
Stopped at time : 100000310 ns : File "C:/Users/7131322/ceng342labs/Lab5/top_level_test.vhd" Line 97
# step
Stopped at time : 100000310 ns : File "C:/Users/7131322/ceng342labs/Lab5/top_level_test.vhd" Line 98
# step
Stopped at time : 100000310 ns : File "C:/Users/7131322/ceng342labs/Lab5/top_level_test.vhd" Line 78
# step
Stopped at time : 100000310 ns : File "C:/Users/7131322/ceng342labs/Lab5/top_level_test.vhd" Line 79
# step
Stopped at time : 100000310 ns : File "C:/Users/7131322/ceng342labs/Lab5/vending_machine_toplevel.vhd" Line 36
# step
Stopped at time : 100000310 ns : File "C:/Users/7131322/ceng342labs/Lab5/vending_machine_toplevel.vhd" Line 37
# step
Stopped at time : 100000310 ns : File "C:/Users/7131322/ceng342labs/Lab5/one_second_clock.vhd" Line 39
# step
Stopped at time : 100000310 ns : File "C:/Users/7131322/ceng342labs/Lab5/one_second_clock.vhd" Line 40
# step
Stopped at time : 100000310 ns : File "C:/Users/7131322/ceng342labs/Lab5/one_second_clock.vhd" Line 41
# step
Stopped at time : 100000310 ns : File "C:/Users/7131322/ceng342labs/Lab5/one_second_clock.vhd" Line 42
# step
Stopped at time : 100000310 ns : File "C:/Users/7131322/ceng342labs/Lab5/vending_machine_state.vhd" Line 45
# step
Stopped at time : 100000310 ns : File "C:/Users/7131322/ceng342labs/Lab5/vending_machine_state.vhd" Line 47
# step
Stopped at time : 100000310 ns : File "C:/Users/7131322/ceng342labs/Lab5/vending_machine_state.vhd" Line 48
# step
Stopped at time : 100000310 ns : File "C:/Users/7131322/ceng342labs/Lab5/vending_machine_state.vhd" Line 51
# step
Stopped at time : 100000310 ns : File "C:/Users/7131322/ceng342labs/Lab5/vending_machine_state.vhd" Line 54
# step
Stopped at time : 100000310 ns : File "C:/Users/7131322/ceng342labs/Lab5/vending_machine_state.vhd" Line 56
# step
Stopped at time : 100000310 ns : File "C:/Users/7131322/ceng342labs/Lab5/vending_machine_state.vhd" Line 59
# step
Stopped at time : 100000310 ns : File "C:/Users/7131322/ceng342labs/Lab5/one_second_clock.vhd" Line 47
# step
Stopped at time : 100000310 ns : File "C:/Users/7131322/ceng342labs/Lab5/one_second_clock.vhd" Line 49
# step
Stopped at time : 100000320 ns : File "C:/Users/7131322/ceng342labs/Lab5/top_level_test.vhd" Line 99
# step
Stopped at time : 100000320 ns : File "C:/Users/7131322/ceng342labs/Lab5/top_level_test.vhd" Line 101
# step
Stopped at time : 100000320 ns : File "C:/Users/7131322/ceng342labs/Lab5/top_level_test.vhd" Line 102
# step
Stopped at time : 100000320 ns : File "C:/Users/7131322/ceng342labs/Lab5/top_level_test.vhd" Line 76
# step
Stopped at time : 100000320 ns : File "C:/Users/7131322/ceng342labs/Lab5/top_level_test.vhd" Line 77
# step
Stopped at time : 100000320 ns : File "C:/Users/7131322/ceng342labs/Lab5/one_second_clock.vhd" Line 39
# step
Stopped at time : 100000330 ns : File "C:/Users/7131322/ceng342labs/Lab5/top_level_test.vhd" Line 103
# step
Stopped at time : 100000330 ns : File "C:/Users/7131322/ceng342labs/Lab5/top_level_test.vhd" Line 105
# step
Stopped at time : 100000330 ns : File "C:/Users/7131322/ceng342labs/Lab5/top_level_test.vhd" Line 78
# step
Stopped at time : 100000330 ns : File "C:/Users/7131322/ceng342labs/Lab5/top_level_test.vhd" Line 79
# step
Stopped at time : 100000330 ns : File "C:/Users/7131322/ceng342labs/Lab5/one_second_clock.vhd" Line 39
# step
Stopped at time : 100000330 ns : File "C:/Users/7131322/ceng342labs/Lab5/one_second_clock.vhd" Line 40
# step
Stopped at time : 100000330 ns : File "C:/Users/7131322/ceng342labs/Lab5/one_second_clock.vhd" Line 41
# step
Stopped at time : 100000330 ns : File "C:/Users/7131322/ceng342labs/Lab5/one_second_clock.vhd" Line 42
# step
Stopped at time : 100000330 ns : File "C:/Users/7131322/ceng342labs/Lab5/one_second_clock.vhd" Line 47
# step
Stopped at time : 100000330 ns : File "C:/Users/7131322/ceng342labs/Lab5/one_second_clock.vhd" Line 49
# step
Stopped at time : 100000340 ns : File "C:/Users/7131322/ceng342labs/Lab5/top_level_test.vhd" Line 76
# step
Stopped at time : 100000340 ns : File "C:/Users/7131322/ceng342labs/Lab5/top_level_test.vhd" Line 77
# step
Stopped at time : 100000340 ns : File "C:/Users/7131322/ceng342labs/Lab5/one_second_clock.vhd" Line 39
# step
Stopped at time : 100000350 ns : File "C:/Users/7131322/ceng342labs/Lab5/top_level_test.vhd" Line 78
# step
Stopped at time : 100000350 ns : File "C:/Users/7131322/ceng342labs/Lab5/top_level_test.vhd" Line 79
# step
Stopped at time : 100000350 ns : File "C:/Users/7131322/ceng342labs/Lab5/one_second_clock.vhd" Line 39
# step
Stopped at time : 100000350 ns : File "C:/Users/7131322/ceng342labs/Lab5/one_second_clock.vhd" Line 40
# step
Stopped at time : 100000350 ns : File "C:/Users/7131322/ceng342labs/Lab5/one_second_clock.vhd" Line 41
# step
Stopped at time : 100000350 ns : File "C:/Users/7131322/ceng342labs/Lab5/one_second_clock.vhd" Line 42
# step
Stopped at time : 100000350 ns : File "C:/Users/7131322/ceng342labs/Lab5/one_second_clock.vhd" Line 47
# step
Stopped at time : 100000350 ns : File "C:/Users/7131322/ceng342labs/Lab5/one_second_clock.vhd" Line 49
# step
Stopped at time : 100000360 ns : File "C:/Users/7131322/ceng342labs/Lab5/top_level_test.vhd" Line 76
# step
Stopped at time : 100000360 ns : File "C:/Users/7131322/ceng342labs/Lab5/top_level_test.vhd" Line 77
# step
Stopped at time : 100000360 ns : File "C:/Users/7131322/ceng342labs/Lab5/one_second_clock.vhd" Line 39
# step
Stopped at time : 100000370 ns : File "C:/Users/7131322/ceng342labs/Lab5/top_level_test.vhd" Line 78
# step
Stopped at time : 100000370 ns : File "C:/Users/7131322/ceng342labs/Lab5/top_level_test.vhd" Line 79
# step
Stopped at time : 100000370 ns : File "C:/Users/7131322/ceng342labs/Lab5/one_second_clock.vhd" Line 39
# step
Stopped at time : 100000370 ns : File "C:/Users/7131322/ceng342labs/Lab5/one_second_clock.vhd" Line 40
# step
Stopped at time : 100000370 ns : File "C:/Users/7131322/ceng342labs/Lab5/one_second_clock.vhd" Line 41
# step
Stopped at time : 100000370 ns : File "C:/Users/7131322/ceng342labs/Lab5/one_second_clock.vhd" Line 42
# step
Stopped at time : 100000370 ns : File "C:/Users/7131322/ceng342labs/Lab5/one_second_clock.vhd" Line 47
# step
Stopped at time : 100000370 ns : File "C:/Users/7131322/ceng342labs/Lab5/one_second_clock.vhd" Line 49
# step
Stopped at time : 100000380 ns : File "C:/Users/7131322/ceng342labs/Lab5/top_level_test.vhd" Line 76
# step
Stopped at time : 100000380 ns : File "C:/Users/7131322/ceng342labs/Lab5/top_level_test.vhd" Line 77
# step
Stopped at time : 100000380 ns : File "C:/Users/7131322/ceng342labs/Lab5/one_second_clock.vhd" Line 39
# step
Stopped at time : 100000390 ns : File "C:/Users/7131322/ceng342labs/Lab5/top_level_test.vhd" Line 78
# step
Stopped at time : 100000390 ns : File "C:/Users/7131322/ceng342labs/Lab5/top_level_test.vhd" Line 79
# step
Stopped at time : 100000390 ns : File "C:/Users/7131322/ceng342labs/Lab5/one_second_clock.vhd" Line 39
# step
Stopped at time : 100000390 ns : File "C:/Users/7131322/ceng342labs/Lab5/one_second_clock.vhd" Line 40
# step
Stopped at time : 100000390 ns : File "C:/Users/7131322/ceng342labs/Lab5/one_second_clock.vhd" Line 41
# step
Stopped at time : 100000390 ns : File "C:/Users/7131322/ceng342labs/Lab5/one_second_clock.vhd" Line 42
# step
Stopped at time : 100000390 ns : File "C:/Users/7131322/ceng342labs/Lab5/one_second_clock.vhd" Line 47
# step
Stopped at time : 100000390 ns : File "C:/Users/7131322/ceng342labs/Lab5/one_second_clock.vhd" Line 49
# step
Stopped at time : 100000400 ns : File "C:/Users/7131322/ceng342labs/Lab5/top_level_test.vhd" Line 76
# step
Stopped at time : 100000400 ns : File "C:/Users/7131322/ceng342labs/Lab5/top_level_test.vhd" Line 77
# step
Stopped at time : 100000400 ns : File "C:/Users/7131322/ceng342labs/Lab5/one_second_clock.vhd" Line 39
# step
Stopped at time : 100000410 ns : File "C:/Users/7131322/ceng342labs/Lab5/top_level_test.vhd" Line 78
# step
Stopped at time : 100000410 ns : File "C:/Users/7131322/ceng342labs/Lab5/top_level_test.vhd" Line 79
# step
Stopped at time : 100000410 ns : File "C:/Users/7131322/ceng342labs/Lab5/one_second_clock.vhd" Line 39
# step
Stopped at time : 100000410 ns : File "C:/Users/7131322/ceng342labs/Lab5/one_second_clock.vhd" Line 40
# step
Stopped at time : 100000410 ns : File "C:/Users/7131322/ceng342labs/Lab5/one_second_clock.vhd" Line 41
# step
Stopped at time : 100000410 ns : File "C:/Users/7131322/ceng342labs/Lab5/one_second_clock.vhd" Line 42
# step
Stopped at time : 100000410 ns : File "C:/Users/7131322/ceng342labs/Lab5/one_second_clock.vhd" Line 47
# step
Stopped at time : 100000410 ns : File "C:/Users/7131322/ceng342labs/Lab5/one_second_clock.vhd" Line 49
# step
Stopped at time : 100000420 ns : File "C:/Users/7131322/ceng342labs/Lab5/top_level_test.vhd" Line 76
# step
Stopped at time : 100000420 ns : File "C:/Users/7131322/ceng342labs/Lab5/top_level_test.vhd" Line 77
# step
Stopped at time : 100000420 ns : File "C:/Users/7131322/ceng342labs/Lab5/one_second_clock.vhd" Line 39
# step
Stopped at time : 100000430 ns : File "C:/Users/7131322/ceng342labs/Lab5/top_level_test.vhd" Line 78
# step
Stopped at time : 100000430 ns : File "C:/Users/7131322/ceng342labs/Lab5/top_level_test.vhd" Line 79
